<?xml version="1.0" encoding="UTF-8"?>
<!-- Generated by org.testng.reporters.JUnitXMLReporter -->
<testsuite ignored="0" hostname="EC2AMAZ-V8JU5CO" failures="1" tests="2" name="Command line test" time="3.305" errors="0" timestamp="2023-03-07T10:00:13 UTC">
  <testcase classname="com.pcc.app.Application" name="DryRun" time="0.0">
    <failure type="java.lang.NullPointerException" message="Cannot invoke &amp;quot;org.openqa.selenium.WebDriver.manage()&amp;quot; because &amp;quot;this.driver&amp;quot; is null">
      <![CDATA[java.lang.NullPointerException: Cannot invoke "org.openqa.selenium.WebDriver.manage()" because "this.driver" is null
at com.pcc.app.Application.DryRun(Application.java:213)
at java.base/java.util.ArrayList.forEach(ArrayList.java:1511)
at com.pcc.app.LoadRunner.main(LoadRunner.java:14)
... Removed 24 stack frames]]>
    </failure>
  </testcase> <!-- DryRun -->
  <testcase classname="com.pcc.app.Application" name="Import_File" time="1.983"/>
</testsuite> <!-- Command line test -->
