<?xml version="1.0" encoding="UTF-8"?>
<testng-results ignored="0" total="2" passed="1" failed="1" skipped="0">
  <reporter-output>
  </reporter-output>
  <suite started-at="2023-03-07T10:00:10 UTC" name="Command line suite" finished-at="2023-03-07T10:00:13 UTC" duration-ms="3305">
    <groups>
    </groups>
    <test started-at="2023-03-07T10:00:10 UTC" name="Command line test" finished-at="2023-03-07T10:00:13 UTC" duration-ms="3305">
      <class name="com.pcc.app.Application">
        <test-method is-config="true" signature="setup()[pri:0, instance:com.pcc.app.Application@6f10d5b6]" started-at="2023-03-07T10:00:10 UTC" name="setup" finished-at="2023-03-07T10:00:11 UTC" duration-ms="1284" status="PASS">
          <reporter-output>
          </reporter-output>
        </test-method> <!-- setup -->
        <test-method signature="DryRun()[pri:0, instance:com.pcc.app.Application@6f10d5b6]" started-at="2023-03-07T10:00:11 UTC" name="DryRun" finished-at="2023-03-07T10:00:11 UTC" duration-ms="0" status="FAIL">
          <exception class="java.lang.NullPointerException">
            <message>
              <![CDATA[Cannot invoke "org.openqa.selenium.WebDriver.manage()" because "this.driver" is null]]>
            </message>
            <full-stacktrace>
              <![CDATA[java.lang.NullPointerException: Cannot invoke "org.openqa.selenium.WebDriver.manage()" because "this.driver" is null
at com.pcc.app.Application.DryRun(Application.java:213)
at java.base/jdk.internal.reflect.NativeMethodAccessorImpl.invoke0(Native Method)
at java.base/jdk.internal.reflect.NativeMethodAccessorImpl.invoke(NativeMethodAccessorImpl.java:77)
at java.base/jdk.internal.reflect.DelegatingMethodAccessorImpl.invoke(DelegatingMethodAccessorImpl.java:43)
at java.base/java.lang.reflect.Method.invoke(Method.java:568)
at org.testng.internal.MethodInvocationHelper.invokeMethod(MethodInvocationHelper.java:133)
at org.testng.internal.TestInvoker.invokeMethod(TestInvoker.java:598)
at org.testng.internal.TestInvoker.invokeTestMethod(TestInvoker.java:173)
at org.testng.internal.MethodRunner.runInSequence(MethodRunner.java:46)
at org.testng.internal.TestInvoker$MethodInvocationAgent.invoke(TestInvoker.java:824)
at org.testng.internal.TestInvoker.invokeTestMethods(TestInvoker.java:146)
at org.testng.internal.TestMethodWorker.invokeTestMethods(TestMethodWorker.java:146)
at org.testng.internal.TestMethodWorker.run(TestMethodWorker.java:128)
at java.base/java.util.ArrayList.forEach(ArrayList.java:1511)
at org.testng.TestRunner.privateRun(TestRunner.java:794)
at org.testng.TestRunner.run(TestRunner.java:596)
at org.testng.SuiteRunner.runTest(SuiteRunner.java:377)
at org.testng.SuiteRunner.runSequentially(SuiteRunner.java:371)
at org.testng.SuiteRunner.privateRun(SuiteRunner.java:332)
at org.testng.SuiteRunner.run(SuiteRunner.java:276)
at org.testng.SuiteRunnerWorker.runSuite(SuiteRunnerWorker.java:53)
at org.testng.SuiteRunnerWorker.run(SuiteRunnerWorker.java:96)
at org.testng.TestNG.runSuitesSequentially(TestNG.java:1212)
at org.testng.TestNG.runSuitesLocally(TestNG.java:1134)
at org.testng.TestNG.runSuites(TestNG.java:1063)
at org.testng.TestNG.run(TestNG.java:1031)
at com.pcc.app.LoadRunner.main(LoadRunner.java:14)
]]>
            </full-stacktrace>
          </exception> <!-- java.lang.NullPointerException -->
          <reporter-output>
          </reporter-output>
        </test-method> <!-- DryRun -->
        <test-method signature="Import_File()[pri:0, instance:com.pcc.app.Application@6f10d5b6]" started-at="2023-03-07T10:00:11 UTC" name="Import_File" finished-at="2023-03-07T10:00:13 UTC" duration-ms="1983" status="PASS">
          <reporter-output>
          </reporter-output>
        </test-method> <!-- Import_File -->
        <test-method is-config="true" signature="closeBrowser()[pri:0, instance:com.pcc.app.Application@6f10d5b6]" started-at="2023-03-07T10:00:13 UTC" name="closeBrowser" finished-at="2023-03-07T10:00:13 UTC" duration-ms="1" status="PASS">
          <reporter-output>
          </reporter-output>
        </test-method> <!-- closeBrowser -->
      </class> <!-- com.pcc.app.Application -->
    </test> <!-- Command line test -->
  </suite> <!-- Command line suite -->
</testng-results>
