<?xml version="1.0" encoding="UTF-8"?>
<testng-results ignored="0" total="1" passed="1" failed="0" skipped="0">
  <reporter-output>
  </reporter-output>
  <suite started-at="2023-03-10T11:58:36 UTC" name="Suite" finished-at="2023-03-10T11:58:38 UTC" duration-ms="2317">
    <groups>
    </groups>
    <test started-at="2023-03-10T11:58:36 UTC" name="Test" finished-at="2023-03-10T11:58:38 UTC" duration-ms="2317">
      <class name="com.pcc.app.Application">
        <test-method is-config="true" signature="setup()[pri:0, instance:com.pcc.app.Application@d554c5f]" started-at="2023-03-10T11:58:36 UTC" name="setup" finished-at="2023-03-10T11:58:37 UTC" duration-ms="976" status="PASS">
          <reporter-output>
          </reporter-output>
        </test-method> <!-- setup -->
        <test-method signature="Import_File()[pri:0, instance:com.pcc.app.Application@d554c5f]" started-at="2023-03-10T11:58:37 UTC" name="Import_File" finished-at="2023-03-10T11:58:38 UTC" duration-ms="1307" status="PASS">
          <reporter-output>
          </reporter-output>
        </test-method> <!-- Import_File -->
        <test-method is-config="true" signature="closeBrowser()[pri:0, instance:com.pcc.app.Application@d554c5f]" started-at="2023-03-10T11:58:38 UTC" name="closeBrowser" finished-at="2023-03-10T11:58:38 UTC" duration-ms="1" status="PASS">
          <reporter-output>
          </reporter-output>
        </test-method> <!-- closeBrowser -->
      </class> <!-- com.pcc.app.Application -->
    </test> <!-- Test -->
  </suite> <!-- Suite -->
</testng-results>
