<?xml version="1.0" encoding="UTF-8"?>
<testng-results ignored="1" total="2" passed="1" failed="0" skipped="0">
  <reporter-output>
  </reporter-output>
  <suite started-at="2023-01-20T12:26:29 UTC" name="Default suite" finished-at="2023-01-20T12:27:09 UTC" duration-ms="40019">
    <groups>
    </groups>
    <test started-at="2023-01-20T12:26:29 UTC" name="Default test" finished-at="2023-01-20T12:27:09 UTC" duration-ms="40019">
      <class name="com.pcc.app.Application">
        <test-method is-config="true" signature="setup()[pri:0, instance:com.pcc.app.Application@63eef88a]" started-at="2023-01-20T12:26:29 UTC" name="setup" finished-at="2023-01-20T12:26:38 UTC" duration-ms="8396" status="PASS">
          <reporter-output>
          </reporter-output>
        </test-method> <!-- setup -->
        <test-method signature="Import_File()[pri:0, instance:com.pcc.app.Application@63eef88a]" started-at="2023-01-20T12:26:38 UTC" name="Import_File" finished-at="2023-01-20T12:27:09 UTC" duration-ms="31485" status="PASS">
          <reporter-output>
          </reporter-output>
        </test-method> <!-- Import_File -->
        <test-method is-config="true" signature="closeBrowser()[pri:0, instance:com.pcc.app.Application@63eef88a]" started-at="2023-01-20T12:27:09 UTC" name="closeBrowser" finished-at="2023-01-20T12:27:09 UTC" duration-ms="78" status="PASS">
          <reporter-output>
          </reporter-output>
        </test-method> <!-- closeBrowser -->
      </class> <!-- com.pcc.app.Application -->
    </test> <!-- Default test -->
  </suite> <!-- Default suite -->
</testng-results>
